{"D:\\work\\work\\src\\js\\app.js": {"path":"D:\\work\\work\\src\\js\\app.js","statementMap":{"0":{"start":{"line":8,"column":0},"end":{"line":41,"column":3}},"1":{"start":{"line":9,"column":15},"end":{"line":9,"column":26}},"2":{"start":{"line":12,"column":2},"end":{"line":12,"column":12}},"3":{"start":{"line":13,"column":2},"end":{"line":16,"column":5}},"4":{"start":{"line":14,"column":4},"end":{"line":14,"column":23}},"5":{"start":{"line":15,"column":4},"end":{"line":15,"column":19}},"6":{"start":{"line":20,"column":4},"end":{"line":20,"column":27}},"7":{"start":{"line":21,"column":4},"end":{"line":21,"column":54}},"8":{"start":{"line":25,"column":19},"end":{"line":25,"column":65}},"9":{"start":{"line":26,"column":24},"end":{"line":26,"column":75}},"10":{"start":{"line":27,"column":24},"end":{"line":27,"column":46}},"11":{"start":{"line":28,"column":24},"end":{"line":28,"column":46}},"12":{"start":{"line":29,"column":21},"end":{"line":29,"column":44}},"13":{"start":{"line":31,"column":4},"end":{"line":37,"column":7}},"14":{"start":{"line":39,"column":4},"end":{"line":39,"column":50}}},"fnMap":{"0":{"name":"(anonymous_0)","decl":{"start":{"line":8,"column":46},"end":{"line":8,"column":47}},"loc":{"start":{"line":8,"column":51},"end":{"line":41,"column":1}},"line":8},"1":{"name":"(anonymous_1)","decl":{"start":{"line":13,"column":34},"end":{"line":13,"column":35}},"loc":{"start":{"line":13,"column":39},"end":{"line":16,"column":3}},"line":13},"2":{"name":"initApp","decl":{"start":{"line":19,"column":17},"end":{"line":19,"column":24}},"loc":{"start":{"line":19,"column":27},"end":{"line":22,"column":3}},"line":19},"3":{"name":"onFormSubmit","decl":{"start":{"line":24,"column":17},"end":{"line":24,"column":29}},"loc":{"start":{"line":24,"column":32},"end":{"line":40,"column":3}},"line":24}},"branchMap":{},"s":{"0":0,"1":0,"2":0,"3":0,"4":0,"5":0,"6":0,"7":0,"8":0,"9":0,"10":0,"11":0,"12":0,"13":0,"14":0},"f":{"0":0,"1":0,"2":0,"3":0},"b":{},"hash":"07901c336446a097c55eac4e9f291388f556b727"}
,"D:\\work\\work\\src\\js\\config\\apiConfig.js": {"path":"D:\\work\\work\\src\\js\\config\\apiConfig.js","statementMap":{"0":{"start":{"line":1,"column":15},"end":{"line":3,"column":1}}},"fnMap":{},"branchMap":{},"s":{"0":0},"f":{},"b":{},"hash":"4c559e58795b1ff1797f9307145371dc8c10d3ca"}
,"D:\\work\\work\\src\\js\\helpers\\date.js": {"path":"D:\\work\\work\\src\\js\\helpers\\date.js","statementMap":{"0":{"start":{"line":10,"column":15},"end":{"line":10,"column":28}},"1":{"start":{"line":11,"column":2},"end":{"line":11,"column":28}}},"fnMap":{"0":{"name":"formatDate","decl":{"start":{"line":9,"column":16},"end":{"line":9,"column":26}},"loc":{"start":{"line":9,"column":38},"end":{"line":12,"column":1}},"line":9}},"branchMap":{},"s":{"0":1,"1":1},"f":{"0":1},"b":{},"_coverageSchema":"43e27e138ebf9cfc5966b082cf9a028302ed4184","hash":"5aefd271fcc66956baa9977e693f1e22c00e6f7b"}
,"D:\\work\\work\\src\\js\\plugins\\index.js": {"path":"D:\\work\\work\\src\\js\\plugins\\index.js","statementMap":{},"fnMap":{},"branchMap":{},"s":{},"f":{},"b":{},"hash":"187e193ec8302e92fc9fd7d983bc9cc23a6ad218"}
,"D:\\work\\work\\src\\js\\plugins\\materialize.js": {"path":"D:\\work\\work\\src\\js\\plugins\\materialize.js","statementMap":{"0":{"start":{"line":5,"column":15},"end":{"line":5,"column":50}},"1":{"start":{"line":6,"column":0},"end":{"line":6,"column":26}},"2":{"start":{"line":9,"column":2},"end":{"line":9,"column":40}},"3":{"start":{"line":13,"column":21},"end":{"line":13,"column":63}},"4":{"start":{"line":14,"column":0},"end":{"line":20,"column":3}},"5":{"start":{"line":23,"column":2},"end":{"line":23,"column":42}},"6":{"start":{"line":27,"column":20},"end":{"line":27,"column":60}},"7":{"start":{"line":28,"column":0},"end":{"line":31,"column":3}},"8":{"start":{"line":34,"column":2},"end":{"line":34,"column":40}}},"fnMap":{"0":{"name":"getSelectInstance","decl":{"start":{"line":8,"column":16},"end":{"line":8,"column":33}},"loc":{"start":{"line":8,"column":40},"end":{"line":10,"column":1}},"line":8},"1":{"name":"getAutocompleteInstance","decl":{"start":{"line":22,"column":16},"end":{"line":22,"column":39}},"loc":{"start":{"line":22,"column":46},"end":{"line":24,"column":1}},"line":22},"2":{"name":"getDatePickerInstance","decl":{"start":{"line":33,"column":16},"end":{"line":33,"column":37}},"loc":{"start":{"line":33,"column":44},"end":{"line":35,"column":1}},"line":33}},"branchMap":{},"s":{"0":0,"1":0,"2":0,"3":0,"4":0,"5":0,"6":0,"7":0,"8":0},"f":{"0":0,"1":0,"2":0},"b":{},"hash":"99e593afe5693224f8c23aa3a8032f43e6b0b449"}
,"D:\\work\\work\\src\\js\\services\\apiService.js": {"path":"D:\\work\\work\\src\\js\\services\\apiService.js","statementMap":{"0":{"start":{"line":11,"column":4},"end":{"line":11,"column":26}},"1":{"start":{"line":14,"column":4},"end":{"line":20,"column":5}},"2":{"start":{"line":15,"column":23},"end":{"line":15,"column":63}},"3":{"start":{"line":16,"column":6},"end":{"line":16,"column":27}},"4":{"start":{"line":18,"column":6},"end":{"line":18,"column":23}},"5":{"start":{"line":19,"column":6},"end":{"line":19,"column":33}},"6":{"start":{"line":23,"column":4},"end":{"line":29,"column":5}},"7":{"start":{"line":24,"column":23},"end":{"line":24,"column":60}},"8":{"start":{"line":25,"column":6},"end":{"line":25,"column":27}},"9":{"start":{"line":27,"column":6},"end":{"line":27,"column":23}},"10":{"start":{"line":28,"column":6},"end":{"line":28,"column":33}},"11":{"start":{"line":32,"column":4},"end":{"line":38,"column":5}},"12":{"start":{"line":33,"column":23},"end":{"line":33,"column":62}},"13":{"start":{"line":34,"column":6},"end":{"line":34,"column":27}},"14":{"start":{"line":36,"column":6},"end":{"line":36,"column":23}},"15":{"start":{"line":37,"column":6},"end":{"line":37,"column":33}},"16":{"start":{"line":41,"column":4},"end":{"line":49,"column":5}},"17":{"start":{"line":42,"column":23},"end":{"line":44,"column":8}},"18":{"start":{"line":45,"column":6},"end":{"line":45,"column":27}},"19":{"start":{"line":47,"column":6},"end":{"line":47,"column":23}},"20":{"start":{"line":48,"column":6},"end":{"line":48,"column":33}},"21":{"start":{"line":53,"column":12},"end":{"line":53,"column":27}}},"fnMap":{"0":{"name":"(anonymous_0)","decl":{"start":{"line":10,"column":2},"end":{"line":10,"column":3}},"loc":{"start":{"line":10,"column":22},"end":{"line":12,"column":3}},"line":10},"1":{"name":"(anonymous_1)","decl":{"start":{"line":13,"column":2},"end":{"line":13,"column":3}},"loc":{"start":{"line":13,"column":20},"end":{"line":21,"column":3}},"line":13},"2":{"name":"(anonymous_2)","decl":{"start":{"line":22,"column":2},"end":{"line":22,"column":3}},"loc":{"start":{"line":22,"column":17},"end":{"line":30,"column":3}},"line":22},"3":{"name":"(anonymous_3)","decl":{"start":{"line":31,"column":2},"end":{"line":31,"column":3}},"loc":{"start":{"line":31,"column":19},"end":{"line":39,"column":3}},"line":31},"4":{"name":"(anonymous_4)","decl":{"start":{"line":40,"column":2},"end":{"line":40,"column":3}},"loc":{"start":{"line":40,"column":23},"end":{"line":50,"column":3}},"line":40}},"branchMap":{},"s":{"0":0,"1":0,"2":0,"3":0,"4":0,"5":0,"6":0,"7":0,"8":0,"9":0,"10":0,"11":0,"12":0,"13":0,"14":0,"15":0,"16":0,"17":0,"18":0,"19":0,"20":0,"21":0},"f":{"0":0,"1":0,"2":0,"3":0,"4":0},"b":{},"hash":"acd3e9d526511df75b78be3e31a21df4a26e23f2"}
,"D:\\work\\work\\src\\js\\store\\locations.js": {"path":"D:\\work\\work\\src\\js\\store\\locations.js","statementMap":{"0":{"start":{"line":6,"column":4},"end":{"line":6,"column":19}},"1":{"start":{"line":7,"column":4},"end":{"line":7,"column":26}},"2":{"start":{"line":8,"column":4},"end":{"line":8,"column":23}},"3":{"start":{"line":9,"column":4},"end":{"line":9,"column":26}},"4":{"start":{"line":10,"column":4},"end":{"line":10,"column":25}},"5":{"start":{"line":11,"column":4},"end":{"line":11,"column":23}},"6":{"start":{"line":12,"column":4},"end":{"line":12,"column":41}},"7":{"start":{"line":15,"column":21},"end":{"line":19,"column":6}},"8":{"start":{"line":21,"column":42},"end":{"line":21,"column":50}},"9":{"start":{"line":22,"column":4},"end":{"line":22,"column":56}},"10":{"start":{"line":23,"column":4},"end":{"line":23,"column":47}},"11":{"start":{"line":24,"column":4},"end":{"line":24,"column":59}},"12":{"start":{"line":25,"column":4},"end":{"line":25,"column":53}},"13":{"start":{"line":27,"column":4},"end":{"line":27,"column":20}},"14":{"start":{"line":31,"column":17},"end":{"line":33,"column":5}},"15":{"start":{"line":32,"column":14},"end":{"line":32,"column":36}},"16":{"start":{"line":34,"column":4},"end":{"line":34,"column":21}},"17":{"start":{"line":38,"column":4},"end":{"line":38,"column":34}},"18":{"start":{"line":42,"column":4},"end":{"line":42,"column":63}},"19":{"start":{"line":46,"column":4},"end":{"line":46,"column":63}},"20":{"start":{"line":50,"column":4},"end":{"line":53,"column":11}},"21":{"start":{"line":51,"column":6},"end":{"line":51,"column":33}},"22":{"start":{"line":52,"column":6},"end":{"line":52,"column":17}},"23":{"start":{"line":57,"column":4},"end":{"line":62,"column":11}},"24":{"start":{"line":58,"column":6},"end":{"line":58,"column":64}},"25":{"start":{"line":59,"column":6},"end":{"line":59,"column":57}},"26":{"start":{"line":60,"column":6},"end":{"line":60,"column":28}},"27":{"start":{"line":61,"column":6},"end":{"line":61,"column":17}},"28":{"start":{"line":66,"column":4},"end":{"line":69,"column":11}},"29":{"start":{"line":67,"column":6},"end":{"line":67,"column":34}},"30":{"start":{"line":68,"column":6},"end":{"line":68,"column":17}},"31":{"start":{"line":73,"column":4},"end":{"line":83,"column":11}},"32":{"start":{"line":74,"column":27},"end":{"line":74,"column":65}},"33":{"start":{"line":75,"column":6},"end":{"line":75,"column":57}},"34":{"start":{"line":76,"column":24},"end":{"line":76,"column":54}},"35":{"start":{"line":77,"column":6},"end":{"line":81,"column":8}},"36":{"start":{"line":82,"column":6},"end":{"line":82,"column":17}},"37":{"start":{"line":87,"column":21},"end":{"line":87,"column":50}},"38":{"start":{"line":88,"column":4},"end":{"line":88,"column":59}},"39":{"start":{"line":92,"column":4},"end":{"line":102,"column":7}},"40":{"start":{"line":93,"column":6},"end":{"line":101,"column":8}},"41":{"start":{"line":106,"column":18},"end":{"line":106,"column":52}}},"fnMap":{"0":{"name":"(anonymous_0)","decl":{"start":{"line":5,"column":2},"end":{"line":5,"column":3}},"loc":{"start":{"line":5,"column":28},"end":{"line":13,"column":3}},"line":5},"1":{"name":"(anonymous_1)","decl":{"start":{"line":14,"column":2},"end":{"line":14,"column":3}},"loc":{"start":{"line":14,"column":15},"end":{"line":28,"column":3}},"line":14},"2":{"name":"(anonymous_2)","decl":{"start":{"line":30,"column":2},"end":{"line":30,"column":3}},"loc":{"start":{"line":30,"column":24},"end":{"line":35,"column":3}},"line":30},"3":{"name":"(anonymous_3)","decl":{"start":{"line":32,"column":6},"end":{"line":32,"column":7}},"loc":{"start":{"line":32,"column":14},"end":{"line":32,"column":36}},"line":32},"4":{"name":"(anonymous_4)","decl":{"start":{"line":37,"column":2},"end":{"line":37,"column":3}},"loc":{"start":{"line":37,"column":26},"end":{"line":39,"column":3}},"line":37},"5":{"name":"(anonymous_5)","decl":{"start":{"line":41,"column":2},"end":{"line":41,"column":3}},"loc":{"start":{"line":41,"column":29},"end":{"line":43,"column":3}},"line":41},"6":{"name":"(anonymous_6)","decl":{"start":{"line":45,"column":2},"end":{"line":45,"column":3}},"loc":{"start":{"line":45,"column":29},"end":{"line":47,"column":3}},"line":45},"7":{"name":"(anonymous_7)","decl":{"start":{"line":49,"column":2},"end":{"line":49,"column":3}},"loc":{"start":{"line":49,"column":28},"end":{"line":54,"column":3}},"line":49},"8":{"name":"(anonymous_8)","decl":{"start":{"line":50,"column":41},"end":{"line":50,"column":42}},"loc":{"start":{"line":50,"column":60},"end":{"line":53,"column":5}},"line":50},"9":{"name":"(anonymous_9)","decl":{"start":{"line":56,"column":2},"end":{"line":56,"column":3}},"loc":{"start":{"line":56,"column":30},"end":{"line":63,"column":3}},"line":56},"10":{"name":"(anonymous_10)","decl":{"start":{"line":57,"column":27},"end":{"line":57,"column":28}},"loc":{"start":{"line":57,"column":42},"end":{"line":62,"column":5}},"line":57},"11":{"name":"(anonymous_11)","decl":{"start":{"line":65,"column":2},"end":{"line":65,"column":3}},"loc":{"start":{"line":65,"column":32},"end":{"line":70,"column":3}},"line":65},"12":{"name":"(anonymous_12)","decl":{"start":{"line":66,"column":28},"end":{"line":66,"column":29}},"loc":{"start":{"line":66,"column":46},"end":{"line":69,"column":5}},"line":66},"13":{"name":"(anonymous_13)","decl":{"start":{"line":72,"column":2},"end":{"line":72,"column":3}},"loc":{"start":{"line":72,"column":26},"end":{"line":84,"column":3}},"line":72},"14":{"name":"(anonymous_14)","decl":{"start":{"line":73,"column":25},"end":{"line":73,"column":26}},"loc":{"start":{"line":73,"column":40},"end":{"line":83,"column":5}},"line":73},"15":{"name":"(anonymous_15)","decl":{"start":{"line":86,"column":2},"end":{"line":86,"column":3}},"loc":{"start":{"line":86,"column":29},"end":{"line":89,"column":3}},"line":86},"16":{"name":"(anonymous_16)","decl":{"start":{"line":91,"column":2},"end":{"line":91,"column":3}},"loc":{"start":{"line":91,"column":28},"end":{"line":103,"column":3}},"line":91},"17":{"name":"(anonymous_17)","decl":{"start":{"line":92,"column":38},"end":{"line":92,"column":39}},"loc":{"start":{"line":92,"column":48},"end":{"line":102,"column":5}},"line":92}},"branchMap":{"0":{"loc":{"start":{"line":42,"column":11},"end":{"line":42,"column":62}},"type":"cond-expr","locations":[{"start":{"line":42,"column":33},"end":{"line":42,"column":57}},{"start":{"line":42,"column":60},"end":{"line":42,"column":62}}],"line":42},"1":{"loc":{"start":{"line":46,"column":11},"end":{"line":46,"column":62}},"type":"cond-expr","locations":[{"start":{"line":46,"column":33},"end":{"line":46,"column":57}},{"start":{"line":46,"column":60},"end":{"line":46,"column":62}}],"line":46},"2":{"loc":{"start":{"line":59,"column":18},"end":{"line":59,"column":56}},"type":"binary-expr","locations":[{"start":{"line":59,"column":18},"end":{"line":59,"column":27}},{"start":{"line":59,"column":31},"end":{"line":59,"column":56}}],"line":59},"3":{"loc":{"start":{"line":75,"column":18},"end":{"line":75,"column":56}},"type":"binary-expr","locations":[{"start":{"line":75,"column":18},"end":{"line":75,"column":27}},{"start":{"line":75,"column":31},"end":{"line":75,"column":56}}],"line":75}},"s":{"0":0,"1":0,"2":0,"3":0,"4":0,"5":0,"6":0,"7":0,"8":0,"9":0,"10":0,"11":0,"12":0,"13":0,"14":0,"15":0,"16":0,"17":0,"18":0,"19":0,"20":0,"21":0,"22":0,"23":0,"24":0,"25":0,"26":0,"27":0,"28":0,"29":0,"30":0,"31":0,"32":0,"33":0,"34":0,"35":0,"36":0,"37":0,"38":0,"39":0,"40":0,"41":0},"f":{"0":0,"1":0,"2":0,"3":0,"4":0,"5":0,"6":0,"7":0,"8":0,"9":0,"10":0,"11":0,"12":0,"13":0,"14":0,"15":0,"16":0,"17":0},"b":{"0":[0,0],"1":[0,0],"2":[0,0],"3":[0,0]},"hash":"f9d15339c6e6c89dae128f1f90fb7b5ad7f1fa88"}
,"D:\\work\\work\\src\\js\\views\\currency.js": {"path":"D:\\work\\work\\src\\js\\views\\currency.js","statementMap":{"0":{"start":{"line":3,"column":4},"end":{"line":3,"column":56}},"1":{"start":{"line":4,"column":4},"end":{"line":7,"column":6}},"2":{"start":{"line":11,"column":4},"end":{"line":11,"column":31}},"3":{"start":{"line":15,"column":4},"end":{"line":15,"column":22}},"4":{"start":{"line":16,"column":4},"end":{"line":16,"column":46}},"5":{"start":{"line":20,"column":19},"end":{"line":20,"column":35}}},"fnMap":{"0":{"name":"(anonymous_0)","decl":{"start":{"line":2,"column":2},"end":{"line":2,"column":3}},"loc":{"start":{"line":2,"column":16},"end":{"line":8,"column":3}},"line":2},"1":{"name":"(anonymous_1)","decl":{"start":{"line":10,"column":2},"end":{"line":10,"column":3}},"loc":{"start":{"line":10,"column":21},"end":{"line":12,"column":3}},"line":10},"2":{"name":"(anonymous_2)","decl":{"start":{"line":14,"column":2},"end":{"line":14,"column":3}},"loc":{"start":{"line":14,"column":22},"end":{"line":17,"column":3}},"line":14}},"branchMap":{},"s":{"0":0,"1":0,"2":0,"3":0,"4":0,"5":0},"f":{"0":0,"1":0,"2":0},"b":{},"hash":"5c1c435db11b3531076ad73256f2e6b49e66d506"}
,"D:\\work\\work\\src\\js\\views\\form.js": {"path":"D:\\work\\work\\src\\js\\views\\form.js","statementMap":{"0":{"start":{"line":8,"column":4},"end":{"line":8,"column":52}},"1":{"start":{"line":9,"column":4},"end":{"line":9,"column":65}},"2":{"start":{"line":10,"column":4},"end":{"line":10,"column":64}},"3":{"start":{"line":11,"column":4},"end":{"line":11,"column":75}},"4":{"start":{"line":12,"column":4},"end":{"line":12,"column":74}},"5":{"start":{"line":13,"column":4},"end":{"line":15,"column":6}},"6":{"start":{"line":16,"column":4},"end":{"line":18,"column":6}},"7":{"start":{"line":22,"column":4},"end":{"line":22,"column":22}},"8":{"start":{"line":26,"column":4},"end":{"line":26,"column":29}},"9":{"start":{"line":30,"column":4},"end":{"line":30,"column":34}},"10":{"start":{"line":34,"column":4},"end":{"line":34,"column":34}},"11":{"start":{"line":38,"column":4},"end":{"line":38,"column":34}},"12":{"start":{"line":42,"column":4},"end":{"line":42,"column":45}},"13":{"start":{"line":43,"column":4},"end":{"line":43,"column":50}},"14":{"start":{"line":47,"column":15},"end":{"line":47,"column":73}}},"fnMap":{"0":{"name":"(anonymous_0)","decl":{"start":{"line":7,"column":2},"end":{"line":7,"column":3}},"loc":{"start":{"line":7,"column":56},"end":{"line":19,"column":3}},"line":7},"1":{"name":"(anonymous_1)","decl":{"start":{"line":21,"column":2},"end":{"line":21,"column":3}},"loc":{"start":{"line":21,"column":13},"end":{"line":23,"column":3}},"line":21},"2":{"name":"(anonymous_2)","decl":{"start":{"line":25,"column":2},"end":{"line":25,"column":3}},"loc":{"start":{"line":25,"column":20},"end":{"line":27,"column":3}},"line":25},"3":{"name":"(anonymous_3)","decl":{"start":{"line":29,"column":2},"end":{"line":29,"column":3}},"loc":{"start":{"line":29,"column":25},"end":{"line":31,"column":3}},"line":29},"4":{"name":"(anonymous_4)","decl":{"start":{"line":33,"column":2},"end":{"line":33,"column":3}},"loc":{"start":{"line":33,"column":24},"end":{"line":35,"column":3}},"line":33},"5":{"name":"(anonymous_5)","decl":{"start":{"line":37,"column":2},"end":{"line":37,"column":3}},"loc":{"start":{"line":37,"column":24},"end":{"line":39,"column":3}},"line":37},"6":{"name":"(anonymous_6)","decl":{"start":{"line":41,"column":2},"end":{"line":41,"column":3}},"loc":{"start":{"line":41,"column":28},"end":{"line":44,"column":3}},"line":41}},"branchMap":{},"s":{"0":0,"1":0,"2":0,"3":0,"4":0,"5":0,"6":0,"7":0,"8":0,"9":0,"10":0,"11":0,"12":0,"13":0,"14":0},"f":{"0":0,"1":0,"2":0,"3":0,"4":0,"5":0,"6":0},"b":{},"hash":"b4718586986d1b54272206658515a1de0155b95c"}
,"D:\\work\\work\\src\\js\\views\\tickets.js": {"path":"D:\\work\\work\\src\\js\\views\\tickets.js","statementMap":{"0":{"start":{"line":5,"column":4},"end":{"line":5,"column":70}},"1":{"start":{"line":6,"column":4},"end":{"line":6,"column":71}},"2":{"start":{"line":10,"column":4},"end":{"line":10,"column":26}},"3":{"start":{"line":12,"column":4},"end":{"line":15,"column":5}},"4":{"start":{"line":13,"column":6},"end":{"line":13,"column":26}},"5":{"start":{"line":14,"column":6},"end":{"line":14,"column":13}},"6":{"start":{"line":17,"column":19},"end":{"line":17,"column":21}},"7":{"start":{"line":18,"column":21},"end":{"line":18,"column":45}},"8":{"start":{"line":20,"column":4},"end":{"line":23,"column":7}},"9":{"start":{"line":21,"column":23},"end":{"line":21,"column":65}},"10":{"start":{"line":22,"column":6},"end":{"line":22,"column":27}},"11":{"start":{"line":25,"column":4},"end":{"line":25,"column":62}},"12":{"start":{"line":29,"column":4},"end":{"line":29,"column":34}},"13":{"start":{"line":33,"column":21},"end":{"line":33,"column":49}},"14":{"start":{"line":34,"column":4},"end":{"line":34,"column":62}},"15":{"start":{"line":38,"column":4},"end":{"line":42,"column":6}},"16":{"start":{"line":46,"column":4},"end":{"line":78,"column":6}},"17":{"start":{"line":82,"column":18},"end":{"line":82,"column":43}}},"fnMap":{"0":{"name":"(anonymous_0)","decl":{"start":{"line":4,"column":2},"end":{"line":4,"column":3}},"loc":{"start":{"line":4,"column":24},"end":{"line":7,"column":3}},"line":4},"1":{"name":"(anonymous_1)","decl":{"start":{"line":9,"column":2},"end":{"line":9,"column":3}},"loc":{"start":{"line":9,"column":25},"end":{"line":26,"column":3}},"line":9},"2":{"name":"(anonymous_2)","decl":{"start":{"line":20,"column":20},"end":{"line":20,"column":21}},"loc":{"start":{"line":20,"column":30},"end":{"line":23,"column":5}},"line":20},"3":{"name":"(anonymous_3)","decl":{"start":{"line":28,"column":2},"end":{"line":28,"column":3}},"loc":{"start":{"line":28,"column":19},"end":{"line":30,"column":3}},"line":28},"4":{"name":"(anonymous_4)","decl":{"start":{"line":32,"column":2},"end":{"line":32,"column":3}},"loc":{"start":{"line":32,"column":17},"end":{"line":35,"column":3}},"line":32},"5":{"name":"(anonymous_5)","decl":{"start":{"line":37,"column":2},"end":{"line":37,"column":3}},"loc":{"start":{"line":37,"column":28},"end":{"line":43,"column":3}},"line":37},"6":{"name":"(anonymous_6)","decl":{"start":{"line":45,"column":2},"end":{"line":45,"column":3}},"loc":{"start":{"line":45,"column":42},"end":{"line":79,"column":3}},"line":45}},"branchMap":{"0":{"loc":{"start":{"line":12,"column":4},"end":{"line":15,"column":5}},"type":"if","locations":[{"start":{"line":12,"column":4},"end":{"line":15,"column":5}},{"start":{"line":12,"column":4},"end":{"line":15,"column":5}}],"line":12}},"s":{"0":0,"1":0,"2":0,"3":0,"4":0,"5":0,"6":0,"7":0,"8":0,"9":0,"10":0,"11":0,"12":0,"13":0,"14":0,"15":0,"16":0,"17":0},"f":{"0":0,"1":0,"2":0,"3":0,"4":0,"5":0,"6":0},"b":{"0":[0,0]},"hash":"5fe4e816c3d2edf576213bcb27fb97ae6af3e5a0"}
}
